#
# A fatal error has been detected by the Java Runtime Environment:
#
#  EXCEPTION_ACCESS_VIOLATION (0xc0000005) at pc=0x000000000513171b, pid=9404, tid=0x0000000000001e34
#
# JRE version: OpenJDK Runtime Environment (8.0_152-b06) (build 1.8.0_152-release-1136-b06)
# Java VM: OpenJDK 64-Bit Server VM (25.152-b06 mixed mode windows-amd64 compressed oops)
# Problematic frame:
# J 1481 C1 java.net.URI$Parser.scan(IIJJ)I (73 bytes) @ 0x000000000513171b [0x0000000005131460+0x2bb]
#
# Failed to write core dump. Minidumps are not enabled by default on client versions of Windows
#
# If you would like to submit a bug report, please visit:
#   http://bugreport.java.com/bugreport/crash.jsp
#

---------------  T H R E A D  ---------------

Current thread (0x000000001ad25800):  JavaThread "Daemon worker" [_thread_in_Java, id=7732, stack(0x000000001c1f0000,0x000000001c2f0000)]

siginfo: ExceptionCode=0xc0000005, writing address 0x000000001c2f4bc0

Registers:
RAX=0x0000000017c9d808, RBX=0x0000000000000066, RCX=0x000000000004fb38, RDX=0x0000000000000066
RSP=0x000000001c2ecb40, RBP=0x000000001c2ece50, RSI=0x07fffffe07fffffe, RDI=0x0000000000000000
R8 =0x0000000000000000, R9 =0x07fffffe07fffffe, R10=0x00000000e11d9fb0, R11=0x00000000000a5e13
R12=0x0000000000000000, R13=0x00000000e11da050, R14=0x00000000e11d9fb0, R15=0x000000001ad25800
RIP=0x000000000513171b, EFLAGS=0x0000000000010202

Top of Stack: (sp=0x000000001c2ecb40)
0x000000001c2ecb40:   0000000000000c16 00000000183cc698
0x000000001c2ecb50:   0000000000000000 0000000003070cc0
0x000000001c2ecb60:   0000000000000010 0000000000000070
0x000000001c2ecb70:   0000000000000000 00007ffcd1433b87
0x000000001c2ecb80:   0000000000000000 0000000000000007
0x000000001c2ecb90:   0000000000000000 0000000000000007
0x000000001c2ecba0:   0000000000680066 0000000000000000
0x000000001c2ecbb0:   00000000e11da050 0000000100000000
0x000000001c2ecbc0:   0000000000000034 07fffffe07fffffe
0x000000001c2ecbd0:   0000006500000033 0000000000000001
0x000000001c2ecbe0:   000000001c2ece50 0000000004e403dc
0x000000001c2ecbf0:   0000000000000009 0000000000000033
0x000000001c2ecc00:   00000000e11d9ee0 000000101c2ecd88
0x000000001c2ecc10:   0000000000000012 0000000000000000
0x000000001c2ecc20:   00000000e11d9e00 0000000017c8e688
0x000000001c2ecc30:   000000001c2eccb0 0000000017c91ed8 

Instructions: (pc=0x000000000513171b)
0x00000000051316fb:   84 21 03 00 00 48 b8 08 d8 c9 17 00 00 00 00 48
0x000000000513170b:   83 80 08 01 00 00 01 48 8b d3 4c 8b c7 4c 8b ce
0x000000000513171b:   89 9c 24 80 80 00 00 90 90 90 90 90 e8 d4 f7 ff
0x000000000513172b:   ff 83 e0 01 83 f8 00 49 b8 a0 20 cb 17 00 00 00 


Register to memory mapping:

RAX=0x0000000017c9d808 is pointing into metadata
RBX=0x0000000000000066 is an unknown value
RCX=0x000000000004fb38 is an unknown value
RDX=0x0000000000000066 is an unknown value
RSP=0x000000001c2ecb40 is pointing into the stack for thread: 0x000000001ad25800
RBP=0x000000001c2ece50 is pointing into the stack for thread: 0x000000001ad25800
RSI=0x07fffffe07fffffe is an unknown value
RDI=0x0000000000000000 is an unknown value
R8 =0x0000000000000000 is an unknown value
R9 =0x07fffffe07fffffe is an unknown value
R10=0x00000000e11d9fb0 is an oop
[C 
 - klass: {type array char}
 - length: 57
R11=0x00000000000a5e13 is an unknown value
R12=0x0000000000000000 is an unknown value
R13=0x00000000e11da050 is an oop
java.net.URI$Parser 
 - klass: 'java/net/URI$Parser'
R14=0x00000000e11d9fb0 is an oop
[C 
 - klass: {type array char}
 - length: 57
R15=0x000000001ad25800 is a thread


Stack: [0x000000001c1f0000,0x000000001c2f0000],  sp=0x000000001c2ecb40,  free space=1010k
Native frames: (J=compiled Java code, j=interpreted, Vv=VM code, C=native code)
C  0x000000000513171b


---------------  P R O C E S S  ---------------

Java Threads: ( => current thread )
  0x000000001ad22800 JavaThread "Cache worker for file hash cache (F:\Documentos\ProjetosJonas\primeiro_site\Faculdade\.gradle\4.6\fileHashes)" [_thread_blocked, id=9268, stack(0x000000001d8c0000,0x000000001d9c0000)]
  0x000000001ad21000 JavaThread "File lock request listener" [_thread_in_native, id=2644, stack(0x000000001d7c0000,0x000000001d8c0000)]
  0x000000001ad20000 JavaThread "Cache worker for file hash cache (C:\Users\jonas01\.gradle\caches\4.6\fileHashes)" [_thread_blocked, id=5280, stack(0x000000001c6f0000,0x000000001c7f0000)]
  0x000000001ad24000 JavaThread "Stdin handler" [_thread_blocked, id=7888, stack(0x000000001c3f0000,0x000000001c4f0000)]
  0x000000001ad21800 JavaThread "Asynchronous log dispatcher for DefaultDaemonConnection: socket connection from /127.0.0.1:53476 to /127.0.0.1:53477" [_thread_blocked, id=7124, stack(0x000000001c2f0000,0x000000001c3f0000)]
=>0x000000001ad25800 JavaThread "Daemon worker" [_thread_in_Java, id=7732, stack(0x000000001c1f0000,0x000000001c2f0000)]
  0x000000001ad23000 JavaThread "Cancel handler" [_thread_blocked, id=9140, stack(0x000000001c0f0000,0x000000001c1f0000)]
  0x000000001ad27000 JavaThread "Handler for socket connection from /127.0.0.1:53476 to /127.0.0.1:53477" [_thread_in_native, id=2108, stack(0x000000001bdf0000,0x000000001bef0000)]
  0x000000001ad26000 JavaThread "Daemon" [_thread_blocked, id=8212, stack(0x000000001bcf0000,0x000000001bdf0000)]
  0x000000001ad0f800 JavaThread "Daemon periodic checks" [_thread_blocked, id=6880, stack(0x000000001bbf0000,0x000000001bcf0000)]
  0x000000001ac57800 JavaThread "Incoming local TCP Connector on port 53476" [_thread_in_native, id=5932, stack(0x000000001b9a0000,0x000000001baa0000)]
  0x00000000183bd800 JavaThread "Service Thread" daemon [_thread_blocked, id=10044, stack(0x0000000019690000,0x0000000019790000)]
  0x00000000183b2800 JavaThread "C1 CompilerThread1" daemon [_thread_blocked, id=7644, stack(0x0000000019590000,0x0000000019690000)]
  0x0000000018365800 JavaThread "C2 CompilerThread0" daemon [_thread_blocked, id=7536, stack(0x0000000019490000,0x0000000019590000)]
  0x0000000018364000 JavaThread "Attach Listener" daemon [_thread_blocked, id=7052, stack(0x0000000019390000,0x0000000019490000)]
  0x0000000018360800 JavaThread "Signal Dispatcher" daemon [_thread_blocked, id=1924, stack(0x0000000019290000,0x0000000019390000)]
  0x000000001833e800 JavaThread "Finalizer" daemon [_thread_blocked, id=8000, stack(0x0000000018f90000,0x0000000019090000)]
  0x0000000018316800 JavaThread "Reference Handler" daemon [_thread_blocked, id=8016, stack(0x0000000018e90000,0x0000000018f90000)]
  0x00000000049bd800 JavaThread "main" [_thread_blocked, id=7440, stack(0x0000000004a30000,0x0000000004b30000)]

Other Threads:
  0x000000001830c000 VMThread [stack: 0x0000000018d90000,0x0000000018e90000] [id=10196]
  0x00000000183c1000 WatcherThread [stack: 0x0000000019790000,0x0000000019890000] [id=10108]

VM state:not at safepoint (normal execution)

VM Mutex/Monitor currently owned by a thread: None

Heap:
 PSYoungGen      total 65024K, used 22917K [0x00000000e0000000, 0x00000000e7f00000, 0x0000000100000000)
  eden space 60416K, 30% used [0x00000000e0000000,0x00000000e11e5508,0x00000000e3b00000)
  from space 4608K, 99% used [0x00000000e3b00000,0x00000000e3f7c010,0x00000000e3f80000)
  to   space 4608K, 0% used [0x00000000e7a80000,0x00000000e7a80000,0x00000000e7f00000)
 ParOldGen       total 79360K, used 5263K [0x00000000a0000000, 0x00000000a4d80000, 0x00000000e0000000)
  object space 79360K, 6% used [0x00000000a0000000,0x00000000a0523e20,0x00000000a4d80000)
 Metaspace       used 17475K, capacity 17910K, committed 18176K, reserved 1064960K
  class space    used 2532K, capacity 2689K, committed 2816K, reserved 1048576K

Card table byte_map: [0x0000000013ff0000,0x0000000014300000] byte_map_base: 0x0000000013af0000

Marking Bits: (ParMarkBitMap*) 0x000000005fc45aa0
 Begin Bits: [0x0000000014700000, 0x0000000015f00000)
 End Bits:   [0x0000000015f00000, 0x0000000017700000)

Polling page: 0x0000000003080000

CodeCache: size=245760Kb used=5609Kb max_used=5621Kb free=240150Kb
 bounds [0x0000000004c30000, 0x00000000051c0000, 0x0000000013c30000]
 total_blobs=1954 nmethods=1577 adapters=291
 compilation: enabled

Compilation events (10 events):
Event: 5.734 Thread 0x0000000018365800 nmethod 1565 0x00000000051abd90 code [0x00000000051abf20, 0x00000000051ac7c8]
Event: 5.739 Thread 0x00000000183b2800 1573       3       java.io.ObjectStreamClass::forClass (52 bytes)
Event: 5.741 Thread 0x00000000183b2800 nmethod 1573 0x00000000051a6f90 code [0x00000000051a72c0, 0x00000000051a8f28]
Event: 5.742 Thread 0x0000000018365800 1574       4       java.util.jar.JarFile::maybeInstantiateVerifier (96 bytes)
Event: 5.747 Thread 0x00000000183b2800 1575       1       java.nio.Buffer::capacity (5 bytes)
Event: 5.747 Thread 0x00000000183b2800 nmethod 1575 0x00000000051a6cd0 code [0x00000000051a6e20, 0x00000000051a6f30]
Event: 5.748 Thread 0x00000000183b2800 1576       3       java.io.ObjectStreamClass::processQueue (21 bytes)
Event: 5.748 Thread 0x00000000183b2800 nmethod 1576 0x00000000051a6390 code [0x00000000051a6520, 0x00000000051a6ad8]
Event: 5.749 Thread 0x00000000183b2800 1577       3       java.io.ObjectStreamClass$Caches::access$200 (4 bytes)
Event: 5.749 Thread 0x00000000183b2800 nmethod 1577 0x00000000051acd10 code [0x00000000051ace60, 0x00000000051acf90]

GC Heap History (6 events):
Event: 1.367 GC heap before
{Heap before GC invocations=1 (full 0):
 PSYoungGen      total 34816K, used 30208K [0x00000000e0000000, 0x00000000e2680000, 0x0000000100000000)
  eden space 30208K, 100% used [0x00000000e0000000,0x00000000e1d80000,0x00000000e1d80000)
  from space 4608K, 0% used [0x00000000e2200000,0x00000000e2200000,0x00000000e2680000)
  to   space 4608K, 0% used [0x00000000e1d80000,0x00000000e1d80000,0x00000000e2200000)
 ParOldGen       total 79360K, used 0K [0x00000000a0000000, 0x00000000a4d80000, 0x00000000e0000000)
  object space 79360K, 0% used [0x00000000a0000000,0x00000000a0000000,0x00000000a4d80000)
 Metaspace       used 6972K, capacity 7130K, committed 7424K, reserved 1056768K
  class space    used 846K, capacity 911K, committed 1024K, reserved 1048576K
Event: 1.382 GC heap after
Heap after GC invocations=1 (full 0):
 PSYoungGen      total 34816K, used 4185K [0x00000000e0000000, 0x00000000e4400000, 0x0000000100000000)
  eden space 30208K, 0% used [0x00000000e0000000,0x00000000e0000000,0x00000000e1d80000)
  from space 4608K, 90% used [0x00000000e1d80000,0x00000000e2196630,0x00000000e2200000)
  to   space 4608K, 0% used [0x00000000e3f80000,0x00000000e3f80000,0x00000000e4400000)
 ParOldGen       total 79360K, used 8K [0x00000000a0000000, 0x00000000a4d80000, 0x00000000e0000000)
  object space 79360K, 0% used [0x00000000a0000000,0x00000000a0002000,0x00000000a4d80000)
 Metaspace       used 6972K, capacity 7130K, committed 7424K, reserved 1056768K
  class space    used 846K, capacity 911K, committed 1024K, reserved 1048576K
}
Event: 2.173 GC heap before
{Heap before GC invocations=2 (full 0):
 PSYoungGen      total 34816K, used 34393K [0x00000000e0000000, 0x00000000e4400000, 0x0000000100000000)
  eden space 30208K, 100% used [0x00000000e0000000,0x00000000e1d80000,0x00000000e1d80000)
  from space 4608K, 90% used [0x00000000e1d80000,0x00000000e2196630,0x00000000e2200000)
  to   space 4608K, 0% used [0x00000000e3f80000,0x00000000e3f80000,0x00000000e4400000)
 ParOldGen       total 79360K, used 8K [0x00000000a0000000, 0x00000000a4d80000, 0x00000000e0000000)
  object space 79360K, 0% used [0x00000000a0000000,0x00000000a0002000,0x00000000a4d80000)
 Metaspace       used 9274K, capacity 9550K, committed 9856K, reserved 1058816K
  class space    used 1210K, capacity 1329K, committed 1408K, reserved 1048576K
Event: 2.181 GC heap after
Heap after GC invocations=2 (full 0):
 PSYoungGen      total 65024K, used 4366K [0x00000000e0000000, 0x00000000e4400000, 0x0000000100000000)
  eden space 60416K, 0% used [0x00000000e0000000,0x00000000e0000000,0x00000000e3b00000)
  from space 4608K, 94% used [0x00000000e3f80000,0x00000000e43c3a18,0x00000000e4400000)
  to   space 4608K, 0% used [0x00000000e3b00000,0x00000000e3b00000,0x00000000e3f80000)
 ParOldGen       total 79360K, used 16K [0x00000000a0000000, 0x00000000a4d80000, 0x00000000e0000000)
  object space 79360K, 0% used [0x00000000a0000000,0x00000000a0004000,0x00000000a4d80000)
 Metaspace       used 9274K, capacity 9550K, committed 9856K, reserved 1058816K
  class space    used 1210K, capacity 1329K, committed 1408K, reserved 1048576K
}
Event: 4.373 GC heap before
{Heap before GC invocations=3 (full 0):
 PSYoungGen      total 65024K, used 64782K [0x00000000e0000000, 0x00000000e4400000, 0x0000000100000000)
  eden space 60416K, 100% used [0x00000000e0000000,0x00000000e3b00000,0x00000000e3b00000)
  from space 4608K, 94% used [0x00000000e3f80000,0x00000000e43c3a18,0x00000000e4400000)
  to   space 4608K, 0% used [0x00000000e3b00000,0x00000000e3b00000,0x00000000e3f80000)
 ParOldGen       total 79360K, used 16K [0x00000000a0000000, 0x00000000a4d80000, 0x00000000e0000000)
  object space 79360K, 0% used [0x00000000a0000000,0x00000000a0004000,0x00000000a4d80000)
 Metaspace       used 15894K, capacity 16284K, committed 16512K, reserved 1062912K
  class space    used 2265K, capacity 2414K, committed 2432K, reserved 1048576K
Event: 4.407 GC heap after
Heap after GC invocations=3 (full 0):
 PSYoungGen      total 65024K, used 4592K [0x00000000e0000000, 0x00000000e7f00000, 0x0000000100000000)
  eden space 60416K, 0% used [0x00000000e0000000,0x00000000e0000000,0x00000000e3b00000)
  from space 4608K, 99% used [0x00000000e3b00000,0x00000000e3f7c010,0x00000000e3f80000)
  to   space 4608K, 0% used [0x00000000e7a80000,0x00000000e7a80000,0x00000000e7f00000)
 ParOldGen       total 79360K, used 5263K [0x00000000a0000000, 0x00000000a4d80000, 0x00000000e0000000)
  object space 79360K, 6% used [0x00000000a0000000,0x00000000a0523e20,0x00000000a4d80000)
 Metaspace       used 15894K, capacity 16284K, committed 16512K, reserved 1062912K
  class space    used 2265K, capacity 2414K, committed 2432K, reserved 1048576K
}

Deoptimization events (10 events):
Event: 4.575 Thread 0x000000001ad25800 Uncommon trap: reason=unstable_if action=reinterpret pc=0x0000000004d87508 method=java.net.URI.match(CJJ)Z @ 19
Event: 4.575 Thread 0x000000001ad25800 Uncommon trap: reason=unstable_if action=reinterpret pc=0x0000000004e6d638 method=java.net.URI.match(CJJ)Z @ 19
Event: 4.671 Thread 0x000000001ad25800 Uncommon trap: reason=unstable_if action=reinterpret pc=0x0000000004edae54 method=java.io.File.getName()Ljava/lang/String; @ 16
Event: 4.829 Thread 0x000000001ad25800 Uncommon trap: reason=bimorphic action=maybe_recompile pc=0x00000000050b4cc4 method=java.lang.ClassLoader.loadClass(Ljava/lang/String;Z)Ljava/lang/Class; @ 38
Event: 4.861 Thread 0x000000001ad25800 Uncommon trap: reason=bimorphic action=maybe_recompile pc=0x0000000005146ac8 method=java.lang.ClassLoader.getPackage(Ljava/lang/String;)Ljava/lang/Package; @ 47
Event: 4.863 Thread 0x000000001ad25800 Uncommon trap: reason=bimorphic action=maybe_recompile pc=0x00000000050b4cc4 method=java.lang.ClassLoader.loadClass(Ljava/lang/String;Z)Ljava/lang/Class; @ 38
Event: 4.864 Thread 0x000000001ad25800 Uncommon trap: reason=bimorphic action=maybe_recompile pc=0x00000000050b4cc4 method=java.lang.ClassLoader.loadClass(Ljava/lang/String;Z)Ljava/lang/Class; @ 38
Event: 4.865 Thread 0x000000001ad25800 Uncommon trap: reason=bimorphic action=maybe_recompile pc=0x00000000050b4cc4 method=java.lang.ClassLoader.loadClass(Ljava/lang/String;Z)Ljava/lang/Class; @ 38
Event: 4.866 Thread 0x000000001ad25800 Uncommon trap: reason=bimorphic action=maybe_recompile pc=0x0000000005146ac8 method=java.lang.ClassLoader.getPackage(Ljava/lang/String;)Ljava/lang/Package; @ 47
Event: 4.867 Thread 0x000000001ad25800 Uncommon trap: reason=unstable_if action=reinterpret pc=0x00000000051466d0 method=java.net.URLClassLoader.getAndVerifyPackage(Ljava/lang/String;Ljava/util/jar/Manifest;Ljava/net/URL;)Ljava/lang/Package; @ 62

Classes redefined (0 events):
No events

Internal exceptions (10 events):
Event: 5.695 Thread 0x000000001ad25800 Exception <a 'java/lang/NoSuchMethodError': <clinit>> (0x00000000e1005bc0) thrown at [D:\src\AOSP-openjdk-cygwin\jdk8u\hotspot\src\share\vm\prims\jni.cpp, line 1613]
Event: 5.697 Thread 0x000000001ad25800 Exception <a 'java/lang/NoSuchMethodError': <clinit>> (0x00000000e10150d8) thrown at [D:\src\AOSP-openjdk-cygwin\jdk8u\hotspot\src\share\vm\prims\jni.cpp, line 1613]
Event: 5.699 Thread 0x000000001ad25800 Exception <a 'java/lang/NoSuchMethodError': <clinit>> (0x00000000e102fb18) thrown at [D:\src\AOSP-openjdk-cygwin\jdk8u\hotspot\src\share\vm\prims\jni.cpp, line 1613]
Event: 5.701 Thread 0x000000001ad25800 Exception <a 'java/lang/NoSuchMethodError': <clinit>> (0x00000000e103a988) thrown at [D:\src\AOSP-openjdk-cygwin\jdk8u\hotspot\src\share\vm\prims\jni.cpp, line 1613]
Event: 5.703 Thread 0x000000001ad25800 Exception <a 'java/lang/NoSuchMethodError': <clinit>> (0x00000000e105e918) thrown at [D:\src\AOSP-openjdk-cygwin\jdk8u\hotspot\src\share\vm\prims\jni.cpp, line 1613]
Event: 5.705 Thread 0x000000001ad25800 Exception <a 'java/lang/NoSuchMethodError': <clinit>> (0x00000000e1066d38) thrown at [D:\src\AOSP-openjdk-cygwin\jdk8u\hotspot\src\share\vm\prims\jni.cpp, line 1613]
Event: 5.724 Thread 0x000000001ad25800 Exception <a 'java/lang/NoSuchMethodError': <clinit>> (0x00000000e111e7e0) thrown at [D:\src\AOSP-openjdk-cygwin\jdk8u\hotspot\src\share\vm\prims\jni.cpp, line 1613]
Event: 5.725 Thread 0x000000001ad25800 Exception <a 'java/lang/NoSuchMethodError': <clinit>> (0x00000000e11225e8) thrown at [D:\src\AOSP-openjdk-cygwin\jdk8u\hotspot\src\share\vm\prims\jni.cpp, line 1613]
Event: 5.725 Thread 0x000000001ad25800 Exception <a 'java/lang/NoSuchMethodError': <clinit>> (0x00000000e11240f0) thrown at [D:\src\AOSP-openjdk-cygwin\jdk8u\hotspot\src\share\vm\prims\jni.cpp, line 1613]
Event: 5.725 Thread 0x000000001ad25800 Exception <a 'java/lang/NoSuchMethodError': <clinit>> (0x00000000e11258c0) thrown at [D:\src\AOSP-openjdk-cygwin\jdk8u\hotspot\src\share\vm\prims\jni.cpp, line 1613]

Events (10 events):
Event: 5.742 loading class org/gradle/initialization/InitScriptFinder
Event: 5.742 loading class org/gradle/initialization/InitScriptFinder done
Event: 5.742 loading class org/gradle/initialization/UserHomeInitScriptFinder
Event: 5.742 loading class org/gradle/initialization/UserHomeInitScriptFinder done
Event: 5.743 loading class org/gradle/initialization/DirectoryInitScriptFinder
Event: 5.743 loading class org/gradle/initialization/DirectoryInitScriptFinder done
Event: 5.743 loading class org/gradle/initialization/DistributionInitScriptFinder
Event: 5.743 loading class org/gradle/initialization/DistributionInitScriptFinder done
Event: 5.745 loading class org/gradle/initialization/InitScriptHandler$1
Event: 5.745 loading class org/gradle/initialization/InitScriptHandler$1 done


Dynamic libraries:
0x00007ff6b09e0000 - 0x00007ff6b0a11000 	F:\ProgramFiles\Android\Android Studio\jre\bin\java.exe
0x00007ffcd1400000 - 0x00007ffcd15e0000 	C:\Windows\SYSTEM32\ntdll.dll
0x00007ffcd07e0000 - 0x00007ffcd088e000 	C:\Windows\System32\KERNEL32.DLL
0x00007ffcce1a0000 - 0x00007ffcce406000 	C:\Windows\System32\KERNELBASE.dll
0x00007ffcd1320000 - 0x00007ffcd13c1000 	C:\Windows\System32\ADVAPI32.dll
0x00007ffccec00000 - 0x00007ffccec9d000 	C:\Windows\System32\msvcrt.dll
0x00007ffcd08c0000 - 0x00007ffcd091b000 	C:\Windows\System32\sechost.dll
0x00007ffcd1030000 - 0x00007ffcd114f000 	C:\Windows\System32\RPCRT4.dll
0x00007ffcce8d0000 - 0x00007ffccea5f000 	C:\Windows\System32\USER32.dll
0x00007ffcce6d0000 - 0x00007ffcce6f0000 	C:\Windows\System32\win32u.dll
0x00007ffcd11c0000 - 0x00007ffcd11e8000 	C:\Windows\System32\GDI32.dll
0x00007ffccdf50000 - 0x00007ffcce0e3000 	C:\Windows\System32\gdi32full.dll
0x00007ffcce410000 - 0x00007ffcce4ab000 	C:\Windows\System32\msvcp_win.dll
0x00007ffcce7d0000 - 0x00007ffcce8c6000 	C:\Windows\System32\ucrtbase.dll
0x00007ffcbaa70000 - 0x00007ffcbacd9000 	C:\Windows\WinSxS\amd64_microsoft.windows.common-controls_6595b64144ccf1df_6.0.16299.492_none_15c8d3609364b9b0\COMCTL32.dll
0x00007ffcd0990000 - 0x00007ffcd0c97000 	C:\Windows\System32\combase.dll
0x00007ffcce750000 - 0x00007ffcce7c2000 	C:\Windows\System32\bcryptPrimitives.dll
0x00007ffcd0890000 - 0x00007ffcd08bd000 	C:\Windows\System32\IMM32.DLL
0x000000005f2c0000 - 0x000000005f392000 	F:\ProgramFiles\Android\Android Studio\jre\jre\bin\msvcr100.dll
0x000000005f480000 - 0x000000005fcc1000 	F:\ProgramFiles\Android\Android Studio\jre\jre\bin\server\jvm.dll
0x00007ffcd1150000 - 0x00007ffcd1158000 	C:\Windows\System32\PSAPI.DLL
0x00007ffcc3bb0000 - 0x00007ffcc3bb9000 	C:\Windows\SYSTEM32\WSOCK32.dll
0x00007ffcd0920000 - 0x00007ffcd098c000 	C:\Windows\System32\WS2_32.dll
0x00007ffccbb70000 - 0x00007ffccbb93000 	C:\Windows\SYSTEM32\WINMM.dll
0x00007ffcc9060000 - 0x00007ffcc906a000 	C:\Windows\SYSTEM32\VERSION.dll
0x00007ffccbb40000 - 0x00007ffccbb6a000 	C:\Windows\SYSTEM32\WINMMBASE.dll
0x00007ffcce4b0000 - 0x00007ffcce4fa000 	C:\Windows\System32\cfgmgr32.dll
0x00007ffcc3ba0000 - 0x00007ffcc3baf000 	F:\ProgramFiles\Android\Android Studio\jre\jre\bin\verify.dll
0x00007ffcba270000 - 0x00007ffcba299000 	F:\ProgramFiles\Android\Android Studio\jre\jre\bin\java.dll
0x00007ffcba250000 - 0x00007ffcba266000 	F:\ProgramFiles\Android\Android Studio\jre\jre\bin\zip.dll
0x00007ffccf210000 - 0x00007ffcd0648000 	C:\Windows\System32\SHELL32.dll
0x00007ffccf150000 - 0x00007ffccf1f6000 	C:\Windows\System32\shcore.dll
0x00007ffccd800000 - 0x00007ffccdf47000 	C:\Windows\System32\windows.storage.dll
0x00007ffcd11f0000 - 0x00007ffcd1241000 	C:\Windows\System32\shlwapi.dll
0x00007ffccd7c0000 - 0x00007ffccd7d1000 	C:\Windows\System32\kernel.appcore.dll
0x00007ffccd750000 - 0x00007ffccd79c000 	C:\Windows\System32\powrprof.dll
0x00007ffccd7e0000 - 0x00007ffccd7fb000 	C:\Windows\System32\profapi.dll
0x00007ffcba230000 - 0x00007ffcba24a000 	F:\ProgramFiles\Android\Android Studio\jre\jre\bin\net.dll
0x00007ffccd010000 - 0x00007ffccd076000 	C:\Windows\system32\mswsock.dll
0x00007ffcb9d40000 - 0x00007ffcb9d51000 	F:\ProgramFiles\Android\Android Studio\jre\jre\bin\nio.dll
0x00007ffcb9800000 - 0x00007ffcb981e000 	C:\Users\jonas01\.gradle\native\25\windows-amd64\native-platform.dll
0x00007ffcc02b0000 - 0x00007ffcc02bd000 	F:\ProgramFiles\Android\Android Studio\jre\jre\bin\management.dll
0x00007ffccd1d0000 - 0x00007ffccd1e7000 	C:\Windows\SYSTEM32\CRYPTSP.dll
0x00007ffcccbe0000 - 0x00007ffcccc13000 	C:\Windows\system32\rsaenh.dll
0x00007ffccd300000 - 0x00007ffccd325000 	C:\Windows\SYSTEM32\bcrypt.dll
0x00007ffccd650000 - 0x00007ffccd679000 	C:\Windows\SYSTEM32\USERENV.dll
0x00007ffccd1f0000 - 0x00007ffccd1fb000 	C:\Windows\SYSTEM32\CRYPTBASE.dll
0x00007ffcccd70000 - 0x00007ffcccda9000 	C:\Windows\SYSTEM32\IPHLPAPI.DLL
0x00007ffccf200000 - 0x00007ffccf208000 	C:\Windows\System32\NSI.dll
0x00007ffcc88c0000 - 0x00007ffcc88d6000 	C:\Windows\SYSTEM32\dhcpcsvc6.DLL
0x00007ffcc88a0000 - 0x00007ffcc88ba000 	C:\Windows\SYSTEM32\dhcpcsvc.DLL
0x00007ffcc1a60000 - 0x00007ffcc1c28000 	C:\Windows\SYSTEM32\dbghelp.dll

VM Arguments:
jvm_args: -Xmx1536m -Dfile.encoding=windows-1252 -Duser.country=BR -Duser.language=pt -Duser.variant 
java_command: org.gradle.launcher.daemon.bootstrap.GradleDaemon 4.6
java_class_path (initial): C:\Users\jonas01\.gradle\wrapper\dists\gradle-4.6-all\bcst21l2brirad8k2ben1letg\gradle-4.6\lib\gradle-launcher-4.6.jar
Launcher Type: SUN_STANDARD

Environment Variables:
PATH=C:\Program Files (x86)\Common Files\Oracle\Java\javapath;C:\Windows\system32;C:\Windows;C:\Windows\System32\Wbem;C:\Windows\System32\WindowsPowerShell\v1.0\;C:\Program Files (x86)\ATI Technologies\ATI.ACE\Core-Static;C:\ProgramData\chocolatey\bin;F:\ProgramFiles\;F:\ProgramFiles\tdm-gcc\bin;D:\Git\cmd;C:\Users\jonas01\AppData\Local\Microsoft\WindowsApps;;F:\ProgramFiles\Microsoft VS Code\bin;C:\Users\jonas01\AppData\Roaming\npm
USERNAME=jonas01
OS=Windows_NT
PROCESSOR_IDENTIFIER=AMD64 Family 21 Model 19 Stepping 1, AuthenticAMD



---------------  S Y S T E M  ---------------

OS: Windows 10.0 , 64 bit Build 16299 (10.0.16299.431)

CPU:total 2 (initial active 2) (2 cores per cpu, 1 threads per core) family 21 model 19 stepping 1, cmov, cx8, fxsr, mmx, sse, sse2, sse3, ssse3, sse4.1, sse4.2, popcnt, avx, aes, clmul, mmxext, 3dnowpref, lzcnt, sse4a, tsc, tscinvbit, tscinv, bmi1

Memory: 4k page, physical 7540760k(3645116k free), swap 10031128k(5289604k free)

vm_info: OpenJDK 64-Bit Server VM (25.152-b06) for windows-amd64 JRE (1.8.0_152-release-1136-b06), built by "builder" with MS VC++ 10.0 (VS2010)

time: Sun Jan 20 15:49:17 2019
elapsed time: 5 seconds (0d 0h 0m 5s)

